<?xml version="1.0" encoding="UTF-8"?>
<testng-results ignored="0" total="3" passed="3" failed="0" skipped="0">
  <reporter-output>
  </reporter-output>
  <suite started-at="2019-06-20T05:29:49Z" name="Default suite" finished-at="2019-06-20T05:30:03Z" duration-ms="13837">
    <groups>
    </groups>
    <test started-at="2019-06-20T05:29:49Z" name="Default test" finished-at="2019-06-20T05:30:03Z" duration-ms="13837">
      <class name="lowes.NewTest">
        <test-method is-config="true" signature="beforeTest()[pri:0, instance:lowes.NewTest@240237d2]" started-at="2019-06-20T05:29:49Z" name="beforeTest" finished-at="2019-06-20T05:29:51Z" duration-ms="1312" status="PASS">
          <reporter-output>
          </reporter-output>
        </test-method> <!-- beforeTest -->
        <test-method signature="testweb1()[pri:0, instance:lowes.NewTest@240237d2]" started-at="2019-06-20T05:29:51Z" name="testweb1" finished-at="2019-06-20T05:29:57Z" duration-ms="6235" status="PASS">
          <reporter-output>
          </reporter-output>
        </test-method> <!-- testweb1 -->
        <test-method signature="testweb2()[pri:1, instance:lowes.NewTest@240237d2]" started-at="2019-06-20T05:29:57Z" name="testweb2" finished-at="2019-06-20T05:30:00Z" duration-ms="2697" status="PASS">
          <reporter-output>
          </reporter-output>
        </test-method> <!-- testweb2 -->
        <test-method signature="testweb3()[pri:2, instance:lowes.NewTest@240237d2]" started-at="2019-06-20T05:30:00Z" name="testweb3" finished-at="2019-06-20T05:30:03Z" duration-ms="3476" status="PASS">
          <reporter-output>
          </reporter-output>
        </test-method> <!-- testweb3 -->
        <test-method is-config="true" signature="afterTest()[pri:0, instance:lowes.NewTest@240237d2]" started-at="2019-06-20T05:30:03Z" name="afterTest" finished-at="2019-06-20T05:30:03Z" duration-ms="100" status="PASS">
          <reporter-output>
          </reporter-output>
        </test-method> <!-- afterTest -->
      </class> <!-- lowes.NewTest -->
    </test> <!-- Default test -->
  </suite> <!-- Default suite -->
</testng-results>
