<?xml version="1.0" encoding="UTF-8"?>
<testng-results ignored="0" total="1" passed="1" failed="0" skipped="0">
  <reporter-output>
  </reporter-output>
  <suite started-at="2019-08-15T18:54:54Z" name="Default suite" finished-at="2019-08-15T18:55:04Z" duration-ms="9280">
    <groups>
    </groups>
    <test started-at="2019-08-15T18:54:54Z" name="Default test" finished-at="2019-08-15T18:55:04Z" duration-ms="9280">
      <class name="Grab.paxapp">
        <test-method is-config="true" signature="setupAppium()[pri:0, instance:Grab.paxapp@2c34f934]" started-at="2019-08-15T18:54:42Z" name="setupAppium" finished-at="2019-08-15T18:54:54Z" duration-ms="12855" status="PASS">
          <reporter-output>
          </reporter-output>
        </test-method> <!-- setupAppium -->
        <test-method signature="addcontact()[pri:0, instance:Grab.paxapp@2c34f934]" started-at="2019-08-15T18:54:54Z" name="addcontact" finished-at="2019-08-15T18:55:04Z" duration-ms="9268" status="PASS">
          <reporter-output>
          </reporter-output>
        </test-method> <!-- addcontact -->
      </class> <!-- Grab.paxapp -->
    </test> <!-- Default test -->
  </suite> <!-- Default suite -->
</testng-results>
